0 info it worked if it ends with ok
1 verbose cli [ 'node',
1 verbose cli   '/usr/local/bin/npm',
1 verbose cli   'install',
1 verbose cli   'jsupm_grove',
1 verbose cli   '--save' ]
2 info using npm@2.14.3
3 info using node@v0.10.30
4 verbose install initial load of /Users/LC/Documents/Hackthon/intel/server/package.json
5 verbose installManyTop reading scoped package data from /Users/LC/Documents/Hackthon/intel/server/node_modules/restify/package.json
6 verbose readDependencies loading dependencies from /Users/LC/Documents/Hackthon/intel/server/package.json
7 silly cache add args [ 'jsupm_grove', null ]
8 verbose cache add spec jsupm_grove
9 silly cache add parsed spec { raw: 'jsupm_grove',
9 silly cache add   scope: null,
9 silly cache add   name: 'jsupm_grove',
9 silly cache add   rawSpec: '',
9 silly cache add   spec: '*',
9 silly cache add   type: 'range' }
10 silly addNamed jsupm_grove@*
11 verbose addNamed "*" is a valid semver range for jsupm_grove
12 silly addNameRange { name: 'jsupm_grove', range: '*', hasData: false }
13 silly mapToRegistry name jsupm_grove
14 silly mapToRegistry using default registry
15 silly mapToRegistry registry https://registry.npmjs.org/
16 silly mapToRegistry uri https://registry.npmjs.org/jsupm_grove
17 verbose addNameRange registry:https://registry.npmjs.org/jsupm_grove not in flight; fetching
18 verbose request uri https://registry.npmjs.org/jsupm_grove
19 verbose request no auth needed
20 info attempt registry request try #1 at 16:37:52
21 verbose request id 6894d20a8902ec58
22 http request GET https://registry.npmjs.org/jsupm_grove
23 http 200 https://registry.npmjs.org/jsupm_grove
24 silly get cb [ 200,
24 silly get   { server: 'CouchDB/1.5.0 (Erlang OTP/R16B03)',
24 silly get     etag: '"ATOO7GR2Z2SFC7WNIG9XT95N3"',
24 silly get     'content-type': 'application/json',
24 silly get     'cache-control': 'max-age=60',
24 silly get     'content-length': '5074',
24 silly get     'accept-ranges': 'bytes',
24 silly get     date: 'Sat, 21 Nov 2015 21:37:52 GMT',
24 silly get     via: '1.1 varnish',
24 silly get     age: '0',
24 silly get     connection: 'keep-alive',
24 silly get     'x-served-by': 'cache-iad2145-IAD',
24 silly get     'x-cache': 'MISS',
24 silly get     'x-cache-hits': '0',
24 silly get     'x-timer': 'S1448141872.879833,VS0,VE18',
24 silly get     vary: 'Accept' } ]
25 verbose get saving jsupm_grove to /Users/LC/.npm/registry.npmjs.org/jsupm_grove/.cache.json
26 silly addNameRange number 2 { name: 'jsupm_grove', range: '*', hasData: true }
27 silly addNameRange versions [ 'jsupm_grove', [ '0.3.2', '0.4.0' ] ]
28 silly addNamed jsupm_grove@0.4.0
29 verbose addNamed "0.4.0" is a plain semver version for jsupm_grove
30 silly mapToRegistry name jsupm_grove
31 silly mapToRegistry using default registry
32 silly mapToRegistry registry https://registry.npmjs.org/
33 silly mapToRegistry uri https://registry.npmjs.org/jsupm_grove
34 verbose addRemoteTarball https://registry.npmjs.org/jsupm_grove/-/jsupm_grove-0.4.0.tgz not in flight; adding
35 verbose addRemoteTarball [ 'https://registry.npmjs.org/jsupm_grove/-/jsupm_grove-0.4.0.tgz',
35 verbose addRemoteTarball   'ebb13faad9dd86735f592f30895043bf9635e459' ]
36 info retry fetch attempt 1 at 16:37:52
37 info attempt registry request try #1 at 16:37:52
38 http fetch GET https://registry.npmjs.org/jsupm_grove/-/jsupm_grove-0.4.0.tgz
39 http fetch 200 https://registry.npmjs.org/jsupm_grove/-/jsupm_grove-0.4.0.tgz
40 silly fetchAndShaCheck shasum ebb13faad9dd86735f592f30895043bf9635e459
41 verbose addTmpTarball /var/folders/72/lyr3dvs13c7bl5s1tt82_80m0000gn/T/npm-4352-88679a5f/registry.npmjs.org/jsupm_grove/-/jsupm_grove-0.4.0.tgz not in flight; adding
42 verbose addTmpTarball already have metadata; skipping unpack for jsupm_grove@0.4.0
43 silly cache afterAdd jsupm_grove@0.4.0
44 verbose afterAdd /Users/LC/.npm/jsupm_grove/0.4.0/package/package.json not in flight; writing
45 verbose afterAdd /Users/LC/.npm/jsupm_grove/0.4.0/package/package.json written
46 silly install resolved [ { name: 'jsupm_grove',
46 silly install resolved     description: 'Sensor library based on MRAA that allows you to use various sensors on platforms such as the Intel Galileo, Intel Edison, Minnowboard MAX and others.',
46 silly install resolved     keywords:
46 silly install resolved      [ 'intel',
46 silly install resolved        'edison',
46 silly install resolved        'galileo',
46 silly install resolved        'minnow',
46 silly install resolved        'io',
46 silly install resolved        'mraajs',
46 silly install resolved        'upmjs',
46 silly install resolved        'gpio',
46 silly install resolved        'spi',
46 silly install resolved        'i2c',
46 silly install resolved        'uart',
46 silly install resolved        'aio',
46 silly install resolved        'sensor',
46 silly install resolved        'actuator' ],
46 silly install resolved     homepage: 'http://github.com/intel-iot-devkit/upm',
46 silly install resolved     main: './jsupm_grove.node',
46 silly install resolved     repository: { type: 'git', url: 'https://github.com/intel-iot-devkit/upm' },
46 silly install resolved     engines: { node: '>= 0.10.x' },
46 silly install resolved     bugs: { url: 'http://github.com/intel-iot-devkit/upm/issues' },
46 silly install resolved     dependencies: { mraa: '>=0.8.0' },
46 silly install resolved     license: 'MIT',
46 silly install resolved     version: '0.4.0',
46 silly install resolved     authors: 'See http://github.com/intel-iot-devkit/upm/graphs/contributors',
46 silly install resolved     _id: 'jsupm_grove@0.4.0',
46 silly install resolved     scripts: {},
46 silly install resolved     _shasum: 'ebb13faad9dd86735f592f30895043bf9635e459',
46 silly install resolved     _from: 'jsupm_grove@*',
46 silly install resolved     _npmVersion: '1.4.28',
46 silly install resolved     _npmUser: { name: 'propanu', email: 'mihai.tudor.panu@intel.com' },
46 silly install resolved     maintainers: [ [Object] ],
46 silly install resolved     dist:
46 silly install resolved      { shasum: 'ebb13faad9dd86735f592f30895043bf9635e459',
46 silly install resolved        tarball: 'http://registry.npmjs.org/jsupm_grove/-/jsupm_grove-0.4.0.tgz' },
46 silly install resolved     directories: {},
46 silly install resolved     _resolved: 'https://registry.npmjs.org/jsupm_grove/-/jsupm_grove-0.4.0.tgz' } ]
47 info install jsupm_grove@0.4.0 into /Users/LC/Documents/Hackthon/intel/server
48 info installOne jsupm_grove@0.4.0
49 verbose installOne of jsupm_grove to /Users/LC/Documents/Hackthon/intel/server not in flight; installing
50 verbose lock using /Users/LC/.npm/_locks/jsupm-grove-366a4d1c20a0bd79.lock for /Users/LC/Documents/Hackthon/intel/server/node_modules/jsupm_grove
51 silly install write writing jsupm_grove 0.4.0 to /Users/LC/Documents/Hackthon/intel/server/node_modules/jsupm_grove
52 verbose unbuild node_modules/jsupm_grove
53 silly gentlyRm /Users/LC/Documents/Hackthon/intel/server/node_modules/jsupm_grove is being purged from base /Users/LC/Documents/Hackthon/intel/server
54 verbose gentlyRm don't care about contents; nuking /Users/LC/Documents/Hackthon/intel/server/node_modules/jsupm_grove
55 verbose tar unpack /Users/LC/.npm/jsupm_grove/0.4.0/package.tgz
56 verbose tar unpacking to /Users/LC/Documents/Hackthon/intel/server/node_modules/jsupm_grove
57 silly gentlyRm /Users/LC/Documents/Hackthon/intel/server/node_modules/jsupm_grove is being purged
58 verbose gentlyRm don't care about contents; nuking /Users/LC/Documents/Hackthon/intel/server/node_modules/jsupm_grove
59 silly gunzTarPerm modes [ '755', '644' ]
60 silly gunzTarPerm extractEntry package.json
61 silly gunzTarPerm extractEntry README.md
62 silly gunzTarPerm extractEntry jsupm_grove.node
63 verbose write writing to /Users/LC/Documents/Hackthon/intel/server/node_modules/jsupm_grove/package.json
64 info preinstall jsupm_grove@0.4.0
65 verbose readDependencies loading dependencies from /Users/LC/Documents/Hackthon/intel/server/node_modules/jsupm_grove/package.json
66 silly prepareForInstallMany adding mraa@>=0.8.0 from jsupm_grove dependencies
67 verbose readDependencies loading dependencies from /Users/LC/Documents/Hackthon/intel/server/node_modules/jsupm_grove/package.json
68 silly cache add args [ 'mraa@>=0.8.0', null ]
69 verbose cache add spec mraa@>=0.8.0
70 silly cache add parsed spec { raw: 'mraa@>=0.8.0',
70 silly cache add   scope: null,
70 silly cache add   name: 'mraa',
70 silly cache add   rawSpec: '>=0.8.0',
70 silly cache add   spec: '>=0.8.0',
70 silly cache add   type: 'range' }
71 silly addNamed mraa@>=0.8.0
72 verbose addNamed ">=0.8.0" is a valid semver range for mraa
73 silly addNameRange { name: 'mraa', range: '>=0.8.0', hasData: false }
74 silly mapToRegistry name mraa
75 silly mapToRegistry using default registry
76 silly mapToRegistry registry https://registry.npmjs.org/
77 silly mapToRegistry uri https://registry.npmjs.org/mraa
78 verbose addNameRange registry:https://registry.npmjs.org/mraa not in flight; fetching
79 verbose request uri https://registry.npmjs.org/mraa
80 verbose request no auth needed
81 info attempt registry request try #1 at 16:37:53
82 verbose etag "A8U7CZY0M62W8UVVJADPI2K4J"
83 http request GET https://registry.npmjs.org/mraa
84 http 304 https://registry.npmjs.org/mraa
85 silly get cb [ 304,
85 silly get   { date: 'Sat, 21 Nov 2015 21:37:53 GMT',
85 silly get     via: '1.1 varnish',
85 silly get     'cache-control': 'max-age=60',
85 silly get     etag: '"A8U7CZY0M62W8UVVJADPI2K4J"',
85 silly get     age: '0',
85 silly get     connection: 'keep-alive',
85 silly get     'x-served-by': 'cache-iad2131-IAD',
85 silly get     'x-cache': 'MISS',
85 silly get     'x-cache-hits': '0',
85 silly get     'x-timer': 'S1448141873.318007,VS0,VE101',
85 silly get     vary: 'Accept' } ]
86 verbose etag https://registry.npmjs.org/mraa from cache
87 verbose get saving mraa to /Users/LC/.npm/registry.npmjs.org/mraa/.cache.json
88 silly addNameRange number 2 { name: 'mraa', range: '>=0.8.0', hasData: true }
89 silly addNameRange versions [ 'mraa',
89 silly addNameRange   [ '0.5.2-46-gd4552fd',
89 silly addNameRange     '0.5.2-47-ga38c07f',
89 silly addNameRange     '0.5.2-48-g0ca4b10',
89 silly addNameRange     '0.5.2-49-gabd538d',
89 silly addNameRange     '0.5.2-50-g8be861a',
89 silly addNameRange     '0.5.2-51-g276b0a8',
89 silly addNameRange     '0.5.2-62-g0289c63',
89 silly addNameRange     '0.5.2-63-gd1185ef',
89 silly addNameRange     '0.5.3',
89 silly addNameRange     '0.5.3-2-g9684915',
89 silly addNameRange     '0.5.3-3-g36e24ba',
89 silly addNameRange     '0.5.3-4-g14f4567',
89 silly addNameRange     '0.5.3-5-g1b059c1',
89 silly addNameRange     '0.5.3-6-g7ad78d0',
89 silly addNameRange     '0.5.3-7-gacc3476',
89 silly addNameRange     '0.5.4',
89 silly addNameRange     '0.5.4-2-g8aa2ccc',
89 silly addNameRange     '0.5.4-1-ged1fc6c',
89 silly addNameRange     '0.5.4-2-gffdd828',
89 silly addNameRange     '0.5.4-5-g1ee0548',
89 silly addNameRange     '0.5.4-6-gcf1a864',
89 silly addNameRange     '0.5.4-14-gaff8811',
89 silly addNameRange     '0.5.4-20-g82eee9b',
89 silly addNameRange     '0.5.4-21-g71913b9',
89 silly addNameRange     '0.5.4-22-gbd16ecc',
89 silly addNameRange     '0.5.4-24-g2c5e749',
89 silly addNameRange     '0.5.4-25-g0c086d8',
89 silly addNameRange     '0.5.4-26-gda15fdb',
89 silly addNameRange     '0.5.4-27-g643bb99',
89 silly addNameRange     '0.5.4-28-g4944f42',
89 silly addNameRange     '0.5.4-29-gf277e7d',
89 silly addNameRange     '0.5.4-30-gf6a05b1',
89 silly addNameRange     '0.5.4-31-gf7256f1',
89 silly addNameRange     '0.5.4-32-g71118af',
89 silly addNameRange     '0.5.4-34-g4d8b82e',
89 silly addNameRange     '0.5.4-36-ge5835fa',
89 silly addNameRange     '0.5.4-37-g3c4742c',
89 silly addNameRange     '0.5.4-38-gd58adef',
89 silly addNameRange     '0.5.4-41-g2574efd',
89 silly addNameRange     '0.5.4-42-ge7649db',
89 silly addNameRange     '0.5.4-45-gbc05ce7',
89 silly addNameRange     '0.5.4-46-g74d172c',
89 silly addNameRange     '0.5.4-63-gec5c09f',
89 silly addNameRange     '0.5.4-64-g3efb7a0',
89 silly addNameRange     '0.5.4-65-ga76061a',
89 silly addNameRange     '0.5.4-66-g44d6ebf',
89 silly addNameRange     '0.5.4-66-g62c3264',
89 silly addNameRange     '0.5.4-71-g17ee0c9',
89 silly addNameRange     '0.5.4-76-g5af1197',
89 silly addNameRange     '0.5.4-78-g21962f4',
89 silly addNameRange     '0.5.4-79-gc3e43e5',
89 silly addNameRange     '0.5.4-80-g50ca84b',
89 silly addNameRange     '0.5.4-81-g5daad72',
89 silly addNameRange     '0.5.4-82-g66eb476',
89 silly addNameRange     '0.5.4-83-g20d2291',
89 silly addNameRange     '0.5.4-84-ged4c68e',
89 silly addNameRange     '0.5.4-85-g9cfbc87',
89 silly addNameRange     '0.5.4-86-g97d5a3e',
89 silly addNameRange     '0.5.4-88-g4e59917',
89 silly addNameRange     '0.5.4-89-gc3980c2',
89 silly addNameRange     '0.5.4-90-ge23325d',
89 silly addNameRange     '0.5.4-91-g456646c',
89 silly addNameRange     '0.5.4-92-g067487f',
89 silly addNameRange     '0.5.4-94-ge8bc227',
89 silly addNameRange     '0.5.4-95-gfb54307',
89 silly addNameRange     '0.5.4-96-g94dd44a',
89 silly addNameRange     '0.5.4-97-g212be29',
89 silly addNameRange     '0.5.4-98-gd88da13',
89 silly addNameRange     '0.5.4-100-g6c73a8a',
89 silly addNameRange     '0.5.4-101-g82bb1c5',
89 silly addNameRange     '0.5.4-102-ge68546a',
89 silly addNameRange     '0.5.4-103-g4d81fec',
89 silly addNameRange     '0.5.4-104-g019b0a5',
89 silly addNameRange     '0.5.4-105-gbaa1a0a',
89 silly addNameRange     '0.5.4-106-gdbc64fb',
89 silly addNameRange     '0.5.4-107-gcd6701d',
89 silly addNameRange     '0.5.4-108-ge7c3c17',
89 silly addNameRange     '0.5.4-109-g8ccefe9',
89 silly addNameRange     '0.5.4-110-g459ecc0',
89 silly addNameRange     '0.5.4-112-g2dc79dd',
89 silly addNameRange     '0.5.4-115-g403424e',
89 silly addNameRange     '0.5.4-118-g818e1a8',
89 silly addNameRange     '0.5.4-121-g2965665',
89 silly addNameRange     '0.5.4-126-g989566b',
89 silly addNameRange     '0.5.4-127-gcd36880',
89 silly addNameRange     '0.5.4-134-gd6891e8',
89 silly addNameRange     '0.5.4-135-gdd80730',
89 silly addNameRange     '0.5.4-137-g9d80b12',
89 silly addNameRange     '0.5.4-138-g163a40e',
89 silly addNameRange     '0.5.4-139-gefdbf4b',
89 silly addNameRange     '0.5.4-140-g797b137',
89 silly addNameRange     '0.5.4-141-ga2220e3',
89 silly addNameRange     '0.6.1',
89 silly addNameRange     '0.6.1-2-ga747c80',
89 silly addNameRange     '0.6.1-5-g3b3b940',
89 silly addNameRange     '0.6.1-6-g10f450b',
89 silly addNameRange     '0.6.1-7-g76ffa35',
89 silly addNameRange     '0.6.1-8-g2c74ba7',
89 silly addNameRange     '0.6.1-9-g677af12',
89 silly addNameRange     '0.6.1-10-gf33880c',
89 silly addNameRange     '0.6.1-11-g7375146',
89 silly addNameRange     '0.6.1-12-gf854a2b',
89 silly addNameRange     '0.6.1-14-g0dd0395',
89 silly addNameRange     '0.6.1-15-g228b7b6',
89 silly addNameRange     '0.6.1-16-gc621fad',
89 silly addNameRange     '0.6.1-17-g805d22f',
89 silly addNameRange     '0.6.1-18-g62213fa',
89 silly addNameRange     '0.6.1-21-g8b0b9f1',
89 silly addNameRange     '0.6.1-22-ge03eec3',
89 silly addNameRange     '0.6.1-31-g2174ee1',
89 silly addNameRange     '0.6.1-32-gffcf3d7',
89 silly addNameRange     '0.6.1-33-g2388fb9',
89 silly addNameRange     '0.6.1-34-g52c5376',
89 silly addNameRange     '0.6.1-36-gbe4312e',
89 silly addNameRange     '0.6.2',
89 silly addNameRange     '0.7.0',
89 silly addNameRange     '0.7.1',
89 silly addNameRange     '0.7.2',
89 silly addNameRange     '0.7.3',
89 silly addNameRange     '0.7.4',
89 silly addNameRange     '0.7.5',
89 silly addNameRange     '0.8.0',
89 silly addNameRange     '0.8.1' ] ]
90 silly addNamed mraa@0.8.1
91 verbose addNamed "0.8.1" is a plain semver version for mraa
92 silly cache afterAdd mraa@0.8.1
93 verbose afterAdd /Users/LC/.npm/mraa/0.8.1/package/package.json not in flight; writing
94 verbose afterAdd /Users/LC/.npm/mraa/0.8.1/package/package.json written
95 silly install resolved [ { name: 'mraa',
95 silly install resolved     description: 'IO library that helps you use I2c, SPI, gpio, uart, pwm, analog inputs (aio) and more on a number of platforms such as the Intel galileo, the Intel edison and others',
95 silly install resolved     keywords:
95 silly install resolved      [ 'gpio',
95 silly install resolved        'edison',
95 silly install resolved        'galileo',
95 silly install resolved        'io',
95 silly install resolved        'mraajs',
95 silly install resolved        'spi',
95 silly install resolved        'i2c',
95 silly install resolved        'minnow',
95 silly install resolved        'intel' ],
95 silly install resolved     homepage: 'http://github.com/intel-iot-devkit/mraa',
95 silly install resolved     main: './build/Release/mraa.node',
95 silly install resolved     engines: { node: '>= 0.10.x' },
95 silly install resolved     bugs: { url: 'http://github.com/intel-iot-devkit/mraa/issues' },
95 silly install resolved     license: 'MIT',
95 silly install resolved     version: '0.8.1',
95 silly install resolved     authors: 'See github.com/intel-iot-devkit/mraa/graphs/contributors',
95 silly install resolved     scripts: { install: 'node-gyp rebuild' },
95 silly install resolved     gypfile: true,
95 silly install resolved     _id: 'mraa@0.8.1',
95 silly install resolved     _shasum: 'f7bb356971542eac9f14b9a65582d41c54334981',
95 silly install resolved     _resolved: 'https://registry.npmjs.org/mraa/-/mraa-0.8.1.tgz',
95 silly install resolved     _from: 'mraa@>=0.8.0',
95 silly install resolved     _npmVersion: '2.10.1',
95 silly install resolved     _nodeVersion: '0.12.4',
95 silly install resolved     _npmUser: { name: 'arfoll', email: 'brendan.le.foll@intel.com' },
95 silly install resolved     maintainers: [ [Object] ],
95 silly install resolved     dist:
95 silly install resolved      { shasum: 'f7bb356971542eac9f14b9a65582d41c54334981',
95 silly install resolved        tarball: 'http://registry.npmjs.org/mraa/-/mraa-0.8.1.tgz' },
95 silly install resolved     directories: {},
95 silly install resolved     readme: 'ERROR: No README data found!' } ]
96 info install mraa@0.8.1 into /Users/LC/Documents/Hackthon/intel/server/node_modules/jsupm_grove
97 info installOne mraa@0.8.1
98 verbose installOne of mraa to /Users/LC/Documents/Hackthon/intel/server/node_modules/jsupm_grove not in flight; installing
99 verbose lock using /Users/LC/.npm/_locks/mraa-631131d4f51dee47.lock for /Users/LC/Documents/Hackthon/intel/server/node_modules/jsupm_grove/node_modules/mraa
100 silly install write writing mraa 0.8.1 to /Users/LC/Documents/Hackthon/intel/server/node_modules/jsupm_grove/node_modules/mraa
101 verbose unbuild node_modules/jsupm_grove/node_modules/mraa
102 silly gentlyRm /Users/LC/Documents/Hackthon/intel/server/node_modules/jsupm_grove/node_modules/mraa is being purged from base /Users/LC/Documents/Hackthon/intel/server
103 verbose gentlyRm don't care about contents; nuking /Users/LC/Documents/Hackthon/intel/server/node_modules/jsupm_grove/node_modules/mraa
104 verbose tar unpack /Users/LC/.npm/mraa/0.8.1/package.tgz
105 verbose tar unpacking to /Users/LC/Documents/Hackthon/intel/server/node_modules/jsupm_grove/node_modules/mraa
106 silly gentlyRm /Users/LC/Documents/Hackthon/intel/server/node_modules/jsupm_grove/node_modules/mraa is being purged
107 verbose gentlyRm don't care about contents; nuking /Users/LC/Documents/Hackthon/intel/server/node_modules/jsupm_grove/node_modules/mraa
108 silly gunzTarPerm modes [ '755', '644' ]
109 silly gunzTarPerm extractEntry
110 silly gunzTarPerm extractEntry .clang-format
111 silly gunzTarPerm extractEntry src/
112 silly gunzTarPerm extractEntry src/version.c
113 silly gunzTarPerm extractEntry src/uart/
114 silly gunzTarPerm extractEntry src/uart/uart.c
115 silly gunzTarPerm extractEntry src/doxy2swig.py
116 silly gunzTarPerm extractEntry src/gpio/
117 silly gunzTarPerm extractEntry src/gpio/gpio.c
118 silly gunzTarPerm extractEntry src/mraa.i
119 silly gunzTarPerm extractEntry src/aio/
120 silly gunzTarPerm extractEntry src/aio/aio.c
121 silly gunzTarPerm extractEntry src/arm/
122 silly gunzTarPerm extractEntry src/arm/beaglebone.c
123 silly gunzTarPerm extractEntry src/arm/raspberry_pi.c
124 silly gunzTarPerm extractEntry src/arm/CMakeLists.txt
125 silly gunzTarPerm extractEntry src/arm/arm.c
126 silly gunzTarPerm extractEntry src/arm/banana.c
127 silly gunzTarPerm extractEntry src/i2c/
128 silly gunzTarPerm extractEntry src/i2c/LICENSE
129 silly gunzTarPerm extractEntry src/i2c/i2c.c
130 silly gunzTarPerm extractEntry src/python/
131 silly gunzTarPerm extractEntry src/python/mraa.i
132 silly gunzTarPerm extractEntry src/python/docs/
133 silly gunzTarPerm extractEntry src/python/docs/example.rst
134 silly gunzTarPerm extractEntry src/python/docs/mraa.rst
135 silly gunzTarPerm extractEntry src/python/docs/conf.py.in
136 silly gunzTarPerm extractEntry src/python/docs/index.rst
137 silly gunzTarPerm extractEntry src/python/docs/CMakeLists.txt
138 silly gunzTarPerm extractEntry src/python/CMakeLists.txt
139 silly gunzTarPerm extractEntry src/x86/
140 silly gunzTarPerm extractEntry src/x86/intel_galileo_rev_g.c
141 silly gunzTarPerm extractEntry src/x86/intel_galileo_rev_d.c
142 silly gunzTarPerm extractEntry src/x86/intel_minnow_byt_compatible.c
143 silly gunzTarPerm extractEntry src/x86/intel_de3815.c
144 silly gunzTarPerm extractEntry src/x86/CMakeLists.txt
145 silly gunzTarPerm extractEntry src/x86/intel_nuc5.c
146 silly gunzTarPerm extractEntry src/x86/intel_edison_fab_c.c
147 silly gunzTarPerm extractEntry src/x86/x86.c
148 silly gunzTarPerm extractEntry src/javascript/
149 silly gunzTarPerm extractEntry src/javascript/mraajs.i
150 silly gunzTarPerm extractEntry src/javascript/doxygen2jsdoc_custom.json
151 silly gunzTarPerm extractEntry src/javascript/CMakeLists.txt
152 silly gunzTarPerm extractEntry src/javascript/binding.gyp.cmake
153 silly gunzTarPerm extractEntry src/javascript/package.json.cmake
154 silly gunzTarPerm extractEntry src/java/
155 silly gunzTarPerm extractEntry src/java/CMakeLists.txt
156 silly gunzTarPerm extractEntry src/java/mraajava.i
157 silly gunzTarPerm extractEntry src/usb/
158 silly gunzTarPerm extractEntry src/usb/usb.c
159 silly gunzTarPerm extractEntry src/usb/ftdi_ft4222.c
160 silly gunzTarPerm extractEntry src/usb/CMakeLists.txt
161 silly gunzTarPerm extractEntry src/spi/
162 silly gunzTarPerm extractEntry src/spi/spi.c
163 silly gunzTarPerm extractEntry src/pwm/
164 silly gunzTarPerm extractEntry src/pwm/pwm.c
165 silly gunzTarPerm extractEntry src/CMakeLists.txt
166 silly gunzTarPerm extractEntry src/mraajsJAVASCRIPT_wrap.cxx
167 silly gunzTarPerm extractEntry src/mraa.c
168 silly gunzTarPerm extractEntry src/mraa.pc.cmake
169 silly gunzTarPerm extractEntry examples/
170 silly gunzTarPerm extractEntry examples/hellomraa.c
171 silly gunzTarPerm extractEntry examples/analogin_a0.c
172 silly gunzTarPerm extractEntry examples/mraa-i2c.c
173 silly gunzTarPerm extractEntry examples/blink-io.c
174 silly gunzTarPerm extractEntry examples/mmap-io2.c
175 silly gunzTarPerm extractEntry examples/samples.mapping.txt
176 silly gunzTarPerm extractEntry examples/python/
177 silly gunzTarPerm extractEntry examples/python/blink-io8.py
178 silly gunzTarPerm extractEntry examples/python/rgblcd.py
179 silly gunzTarPerm extractEntry examples/python/hello_isr.py
180 silly gunzTarPerm extractEntry examples/python/cycle-pwm3.py
181 silly gunzTarPerm extractEntry examples/python/spi.py
182 silly gunzTarPerm extractEntry examples/python/uart.py
183 silly gunzTarPerm extractEntry examples/python/aio.py
184 silly gunzTarPerm extractEntry examples/python/bmp85.py
185 silly gunzTarPerm extractEntry examples/python/hello_gpio.py
186 silly gunzTarPerm extractEntry examples/javascript/
187 silly gunzTarPerm extractEntry examples/javascript/spi.js
188 silly gunzTarPerm extractEntry examples/javascript/bmp85.js
189 silly gunzTarPerm extractEntry examples/javascript/rgblcd.js
190 silly gunzTarPerm extractEntry examples/javascript/GPIO_DigitalWrite.js
191 silly gunzTarPerm extractEntry examples/javascript/isr.js
192 silly gunzTarPerm extractEntry examples/javascript/Blink-IO.js
193 silly gunzTarPerm extractEntry examples/javascript/GPIO_DigitalRead.js
194 silly gunzTarPerm extractEntry examples/javascript/AioA0.js
195 silly gunzTarPerm extractEntry examples/javascript/uart.js
196 silly gunzTarPerm extractEntry examples/uart.c
197 silly gunzTarPerm extractEntry examples/mraa-gpio.c
198 silly gunzTarPerm extractEntry examples/java/
199 silly gunzTarPerm extractEntry examples/java/UartExample.java
200 silly gunzTarPerm extractEntry examples/java/HelloEdison.java
201 silly gunzTarPerm extractEntry examples/java/BlinkIO.java
202 silly gunzTarPerm extractEntry examples/java/I2cCompass.java
203 silly gunzTarPerm extractEntry examples/java/AioA0.java
204 silly gunzTarPerm extractEntry examples/java/Isr.java
205 silly gunzTarPerm extractEntry examples/java/SpiMAX7219.java
206 silly gunzTarPerm extractEntry examples/java/Bmp85.java
207 silly gunzTarPerm extractEntry examples/java/GpioMmapped.java
208 silly gunzTarPerm extractEntry examples/java/BlinkOnboard.java
209 silly gunzTarPerm extractEntry examples/java/SpiMCP4261.java
210 silly gunzTarPerm extractEntry examples/java/GpioRead6.java
211 silly gunzTarPerm extractEntry examples/java/CyclePwm3.java
212 silly gunzTarPerm extractEntry examples/java/Example.java
213 silly gunzTarPerm extractEntry examples/cycle-pwm3.c
214 silly gunzTarPerm extractEntry examples/gpio_read6.c
215 silly gunzTarPerm extractEntry examples/i2c_HMC5883L.c
216 silly gunzTarPerm extractEntry examples/c++/
217 silly gunzTarPerm extractEntry examples/c++/Pwm3-cycle.cpp
218 silly gunzTarPerm extractEntry examples/c++/Uart-example.cpp
219 silly gunzTarPerm extractEntry examples/c++/I2c-compass.cpp
220 silly gunzTarPerm extractEntry examples/c++/Isr-pin6.cpp
221 silly gunzTarPerm extractEntry examples/c++/Spi-pot.cpp
222 silly gunzTarPerm extractEntry examples/c++/AioA0.cpp
223 silly gunzTarPerm extractEntry examples/c++/CMakeLists.txt
224 silly gunzTarPerm extractEntry examples/c++/Blink-IO.cpp
225 silly gunzTarPerm extractEntry examples/CMakeLists.txt
226 silly gunzTarPerm extractEntry examples/blink_onboard.c
227 silly gunzTarPerm extractEntry examples/spi_max7219.c
228 silly gunzTarPerm extractEntry examples/helloedison.c
229 silly gunzTarPerm extractEntry examples/isr_pin6.c
230 silly gunzTarPerm extractEntry examples/spi_mcp4261.c
231 silly gunzTarPerm extractEntry cmake/
232 silly gunzTarPerm extractEntry cmake/Toolchains/
233 silly gunzTarPerm extractEntry cmake/Toolchains/oe-sdk_cross.cmake
234 silly gunzTarPerm extractEntry cmake/modules/
235 silly gunzTarPerm extractEntry cmake/modules/TargetArch.cmake
236 silly gunzTarPerm extractEntry cmake/modules/GetGitRevisionDescription.cmake.in
237 silly gunzTarPerm extractEntry cmake/modules/LICENSE_1_0.txt
238 silly gunzTarPerm extractEntry cmake/modules/version.c.in
239 silly gunzTarPerm extractEntry cmake/modules/CPackDeb.cmake
240 silly gunzTarPerm extractEntry cmake/modules/FindSphinx.cmake
241 silly gunzTarPerm extractEntry cmake/modules/LICENSE.LGPL
242 silly gunzTarPerm extractEntry cmake/modules/FindFtd4222.cmake
243 silly gunzTarPerm extractEntry cmake/modules/FindFtd2xx.cmake
244 silly gunzTarPerm extractEntry cmake/modules/Copyright.txt
245 silly gunzTarPerm extractEntry cmake/modules/COPYING-CMAKE-SCRIPTS
246 silly gunzTarPerm extractEntry cmake/modules/FindNodejs.cmake
247 silly gunzTarPerm extractEntry cmake/modules/GetGitRevisionDescription.cmake
248 silly gunzTarPerm extractEntry cmake/modules/FindYuidoc.cmake
249 silly gunzTarPerm extractEntry READMEFIRST
250 silly gunzTarPerm extractEntry tests/
251 silly gunzTarPerm extractEntry tests/CMakeLists.txt
252 silly gunzTarPerm extractEntry tests/general_checks.py
253 silly gunzTarPerm extractEntry tests/gpio_checks.py
254 silly gunzTarPerm extractEntry tests/platform_checks.py
255 silly gunzTarPerm extractEntry package.json
256 silly gunzTarPerm extractEntry COPYING
257 silly gunzTarPerm extractEntry binding.gyp
258 silly gunzTarPerm extractEntry doxygen2jsdoc/
259 silly gunzTarPerm extractEntry Doxyfile.java.in
260 silly gunzTarPerm extractEntry .travis.yml
261 silly gunzTarPerm extractEntry DoxygenLayout.xml
262 silly gunzTarPerm extractEntry README.md
263 silly gunzTarPerm extractEntry api/
264 silly gunzTarPerm extractEntry api/mraa/
265 silly gunzTarPerm extractEntry api/mraa/types.hpp
266 silly gunzTarPerm extractEntry api/mraa/types.h
267 silly gunzTarPerm extractEntry api/mraa/aio.hpp
268 silly gunzTarPerm extractEntry api/mraa/spi.hpp
269 silly gunzTarPerm extractEntry api/mraa/gpio.h
270 silly gunzTarPerm extractEntry api/mraa/gpio.hpp
271 silly gunzTarPerm extractEntry api/mraa/aio.h
272 silly gunzTarPerm extractEntry api/mraa/uart.hpp
273 silly gunzTarPerm extractEntry api/mraa/common.hpp
274 silly gunzTarPerm extractEntry api/mraa/i2c.h
275 silly gunzTarPerm extractEntry api/mraa/pwm.h
276 silly gunzTarPerm extractEntry api/mraa/spi.h
277 silly gunzTarPerm extractEntry api/mraa/i2c.hpp
278 silly gunzTarPerm extractEntry api/mraa/common.h
279 silly gunzTarPerm extractEntry api/mraa/uart.h
280 silly gunzTarPerm extractEntry api/mraa/pwm.hpp
281 silly gunzTarPerm extractEntry api/mraa.h
282 silly gunzTarPerm extractEntry api/mraa.hpp
283 silly gunzTarPerm extractEntry docs/
284 silly gunzTarPerm extractEntry docs/edison.md
285 silly gunzTarPerm extractEntry docs/testing.md
286 silly gunzTarPerm extractEntry docs/index.md
287 silly gunzTarPerm extractEntry docs/i2c.txt
288 silly gunzTarPerm extractEntry docs/beaglebone.md
289 silly gunzTarPerm extractEntry docs/raspberry_pi.md
290 silly gunzTarPerm extractEntry docs/galileorevd.md
291 silly gunzTarPerm extractEntry docs/internals.md
292 silly gunzTarPerm extractEntry docs/minnow_max.md
293 silly gunzTarPerm extractEntry docs/platform-hooks.md
294 silly gunzTarPerm extractEntry docs/galileorevh.md
295 silly gunzTarPerm extractEntry docs/contributing.md
296 silly gunzTarPerm extractEntry docs/intel_nuc5.md
297 silly gunzTarPerm extractEntry docs/intel_de3815.md
298 silly gunzTarPerm extractEntry docs/ftdi_ft4222.md
299 silly gunzTarPerm extractEntry docs/banana_pi.md
300 silly gunzTarPerm extractEntry docs/npm.md
301 silly gunzTarPerm extractEntry docs/index.java.md
302 silly gunzTarPerm extractEntry docs/debugging.md
303 silly gunzTarPerm extractEntry Doxyfile.in
304 silly gunzTarPerm extractEntry CMakeLists.txt
305 silly gunzTarPerm extractEntry include/
306 silly gunzTarPerm extractEntry include/arm/
307 silly gunzTarPerm extractEntry include/arm/banana.h
308 silly gunzTarPerm extractEntry include/arm/raspberry_pi.h
309 silly gunzTarPerm extractEntry include/arm/beaglebone.h
310 silly gunzTarPerm extractEntry include/linux/
311 silly gunzTarPerm extractEntry include/linux/i2c-dev.h
312 silly gunzTarPerm extractEntry include/linux/types.h
313 silly gunzTarPerm extractEntry include/linux/posix_types.h
314 silly gunzTarPerm extractEntry include/linux/README
315 silly gunzTarPerm extractEntry include/linux/compiler.h
316 silly gunzTarPerm extractEntry include/x86/
317 silly gunzTarPerm extractEntry include/x86/intel_de3815.h
318 silly gunzTarPerm extractEntry include/x86/intel_nuc5.h
319 silly gunzTarPerm extractEntry include/x86/intel_minnow_byt_compatible.h
320 silly gunzTarPerm extractEntry include/x86/intel_galileo_rev_g.h
321 silly gunzTarPerm extractEntry include/x86/intel_galileo_rev_d.h
322 silly gunzTarPerm extractEntry include/x86/intel_edison_fab_c.h
323 silly gunzTarPerm extractEntry include/usb/
324 silly gunzTarPerm extractEntry include/usb/ftdi_ft4222.h
325 silly gunzTarPerm extractEntry include/mraa_adv_func.h
326 silly gunzTarPerm extractEntry include/mraa_internal.h
327 silly gunzTarPerm extractEntry include/mraa_internal_types.h
328 silly gunzTarPerm extractEntry include/mraa_func.h
329 silly gunzTarPerm extractEntry include/version.h
330 silly gunzTarPerm extractEntry .gitmodules
331 verbose write writing to /Users/LC/Documents/Hackthon/intel/server/node_modules/jsupm_grove/node_modules/mraa/package.json
332 info preinstall mraa@0.8.1
333 verbose readDependencies loading dependencies from /Users/LC/Documents/Hackthon/intel/server/node_modules/jsupm_grove/node_modules/mraa/package.json
334 verbose readDependencies loading dependencies from /Users/LC/Documents/Hackthon/intel/server/node_modules/jsupm_grove/node_modules/mraa/package.json
335 silly install resolved []
336 verbose about to build /Users/LC/Documents/Hackthon/intel/server/node_modules/jsupm_grove/node_modules/mraa
337 info build /Users/LC/Documents/Hackthon/intel/server/node_modules/jsupm_grove/node_modules/mraa
338 info linkStuff mraa@0.8.1
339 silly linkStuff mraa@0.8.1 has /Users/LC/Documents/Hackthon/intel/server/node_modules/jsupm_grove/node_modules as its parent node_modules
340 verbose linkBins mraa@0.8.1
341 verbose linkMans mraa@0.8.1
342 verbose rebuildBundles mraa@0.8.1
343 info install mraa@0.8.1
344 verbose unsafe-perm in lifecycle true
345 info mraa@0.8.1 Failed to exec install script
346 verbose unlock done using /Users/LC/.npm/_locks/mraa-631131d4f51dee47.lock for /Users/LC/Documents/Hackthon/intel/server/node_modules/jsupm_grove/node_modules/mraa
347 verbose about to build /Users/LC/Documents/Hackthon/intel/server/node_modules/jsupm_grove
348 verbose unlock done using /Users/LC/.npm/_locks/jsupm-grove-366a4d1c20a0bd79.lock for /Users/LC/Documents/Hackthon/intel/server/node_modules/jsupm_grove
349 verbose stack Error: mraa@0.8.1 install: `node-gyp rebuild`
349 verbose stack Exit status 1
349 verbose stack     at EventEmitter.<anonymous> (/usr/local/lib/node_modules/npm/lib/utils/lifecycle.js:214:16)
349 verbose stack     at EventEmitter.emit (events.js:98:17)
349 verbose stack     at ChildProcess.<anonymous> (/usr/local/lib/node_modules/npm/lib/utils/spawn.js:24:14)
349 verbose stack     at ChildProcess.emit (events.js:98:17)
349 verbose stack     at maybeClose (child_process.js:756:16)
349 verbose stack     at Process.ChildProcess._handle.onexit (child_process.js:823:5)
350 verbose pkgid mraa@0.8.1
351 verbose cwd /Users/LC/Documents/Hackthon/intel/server
352 error Darwin 15.0.0
353 error argv "node" "/usr/local/bin/npm" "install" "jsupm_grove" "--save"
354 error node v0.10.30
355 error npm  v2.14.3
356 error code ELIFECYCLE
357 error mraa@0.8.1 install: `node-gyp rebuild`
357 error Exit status 1
358 error Failed at the mraa@0.8.1 install script 'node-gyp rebuild'.
358 error This is most likely a problem with the mraa package,
358 error not with npm itself.
358 error Tell the author that this fails on your system:
358 error     node-gyp rebuild
358 error You can get their info via:
358 error     npm owner ls mraa
358 error There is likely additional logging output above.
359 verbose exit [ 1, true ]
360 verbose unbuild node_modules/jsupm_grove/node_modules/mraa
361 info preuninstall mraa@0.8.1
362 info uninstall mraa@0.8.1
363 verbose unbuild rmStuff mraa@0.8.1 from /Users/LC/Documents/Hackthon/intel/server/node_modules
364 verbose unbuild rmStuff in /Users/LC/Documents/Hackthon/intel/server/node_modules/jsupm_grove/node_modules
365 info postuninstall mraa@0.8.1
366 silly gentlyRm /Users/LC/Documents/Hackthon/intel/server/node_modules/jsupm_grove/node_modules/mraa is being purged from base /Users/LC/Documents/Hackthon/intel/server
367 verbose gentlyRm don't care about contents; nuking /Users/LC/Documents/Hackthon/intel/server/node_modules/jsupm_grove/node_modules/mraa
368 silly vacuum-fs purging /Users/LC/Documents/Hackthon/intel/server/node_modules/jsupm_grove/node_modules/mraa
369 silly vacuum-fs removing /Users/LC/Documents/Hackthon/intel/server/node_modules/jsupm_grove/node_modules
370 silly vacuum-fs quitting because other entries in /Users/LC/Documents/Hackthon/intel/server/node_modules/jsupm_grove
371 verbose unbuild node_modules/jsupm_grove
372 info preuninstall jsupm_grove@0.4.0
373 info uninstall jsupm_grove@0.4.0
374 verbose unbuild rmStuff jsupm_grove@0.4.0 from /Users/LC/Documents/Hackthon/intel/server/node_modules
375 info postuninstall jsupm_grove@0.4.0
376 silly gentlyRm /Users/LC/Documents/Hackthon/intel/server/node_modules/jsupm_grove is being purged from base /Users/LC/Documents/Hackthon/intel/server
377 verbose gentlyRm don't care about contents; nuking /Users/LC/Documents/Hackthon/intel/server/node_modules/jsupm_grove
378 silly vacuum-fs purging /Users/LC/Documents/Hackthon/intel/server/node_modules/jsupm_grove
379 silly vacuum-fs quitting because other entries in /Users/LC/Documents/Hackthon/intel/server/node_modules
